Using pre-set license

 COMMAND LINE ARGUMENTS:
/Applications/Unity/Unity.app/Contents/MacOS/Unity
-adb2
-batchMode
-noUpm
-name
AssetImportWorker0
-projectPath
/Users/imintsao/Documents/GitHub/iminBranchMac/LotsOfScriptImin
-logFile
Logs/AssetImportWorker0.log
-srvPort
50012
Successfully changed project path to: /Users/imintsao/Documents/GitHub/iminBranchMac/LotsOfScriptImin
/Users/imintsao/Documents/GitHub/iminBranchMac/LotsOfScriptImin
Using Asset Import Pipeline V2.
Refreshing native plugins compatible for Editor in 18.86 ms, found 1 plugins.
Preloading 0 native plugins for Editor in 0.00 ms.
Initialize engine version: 2020.3.5f1 (8095aa901b9b)
[Subsystems] Discovering subsystems at path /Applications/Unity/Unity.app/Contents/Resources/UnitySubsystems
[Subsystems] Discovering subsystems at path /Users/imintsao/Documents/GitHub/iminBranchMac/LotsOfScriptImin/Assets
GfxDevice: creating device client; threaded=0
2021-05-19 11:47:56.223 Unity[1599:20184] DELL U2518D preferred device: AMD Radeon Pro 555X (high power)
2021-05-19 11:47:56.223 Unity[1599:20184] Metal devices available: 2
2021-05-19 11:47:56.223 Unity[1599:20184] 0: AMD Radeon Pro 555X (high power)
2021-05-19 11:47:56.223 Unity[1599:20184] 1: Intel(R) UHD Graphics 630 (low power)
2021-05-19 11:47:56.223 Unity[1599:20184] Using device AMD Radeon Pro 555X (high power)
Initializing Metal device caps: AMD Radeon Pro 555X
Initialize mono
Mono path[0] = '/Applications/Unity/Unity.app/Contents/Managed'
Mono path[1] = '/Applications/Unity/Unity.app/Contents/MonoBleedingEdge/lib/mono/unityjit'
Mono config path = '/Applications/Unity/Unity.app/Contents/MonoBleedingEdge/etc'
Using monoOptions --debugger-agent=transport=dt_socket,embedding=1,server=y,suspend=n,address=127.0.0.1:56599
Begin MonoManager ReloadAssembly
Registering precompiled unity dll's ...
Register platform support module: /Applications/Unity/Unity.app/Contents/PlaybackEngines/MacStandaloneSupport/UnityEditor.OSXStandalone.Extensions.dll
Register platform support module: /Applications/Unity/PlaybackEngines/WindowsStandaloneSupport/UnityEditor.WindowsStandalone.Extensions.dll
Registered in 0.000565 seconds.
Native extension for WindowsStandalone target not found
Native extension for OSXStandalone target not found
Refreshing native plugins compatible for Editor in 20.32 ms, found 1 plugins.
Preloading 0 native plugins for Editor in 0.00 ms.
Mono: successfully reloaded assembly
- Completed reload, in  1.561 seconds
Platform modules already initialized, skipping
Registering precompiled user dll's ...
Registered in 0.000277 seconds.
Begin MonoManager ReloadAssembly
Native extension for WindowsStandalone target not found
Native extension for OSXStandalone target not found
Refreshing native plugins compatible for Editor in 0.18 ms, found 1 plugins.
Preloading 0 native plugins for Editor in 0.00 ms.
Mono: successfully reloaded assembly
- Completed reload, in  0.832 seconds
Platform modules already initialized, skipping
========================================================================
Worker process is ready to serve import requests
Launching external process: /Applications/Unity/Unity.app/Contents/Tools/UnityShaderCompiler
Launched and connected shader compiler UnityShaderCompiler after 0.01 seconds
Refreshing native plugins compatible for Editor in 0.19 ms, found 1 plugins.
Preloading 0 native plugins for Editor in 0.00 ms.
Unloading 1115 Unused Serialized files (Serialized files now loaded: 0)
System memory in use before: 108.7 MB.
System memory in use after: 108.8 MB.

Unloading 10 unused Assets to reduce memory usage. Loaded Objects now: 1557.
Total: 2.369977 ms (FindLiveObjects: 0.185939 ms CreateObjectMapping: 0.043635 ms MarkObjects: 2.027832 ms  DeleteObjects: 0.111231 ms)

========================================================================
Received Import Request.
  path: Assets/Scripts
  artifactKey: Guid(e86629c25a4364ed1849ee4f634b0e37) Importer(815301076,1909f56bfc062723c751e8b465ee728b)
Start importing Assets/Scripts using Guid(e86629c25a4364ed1849ee4f634b0e37) Importer(815301076,1909f56bfc062723c751e8b465ee728b)  -> (artifact id: '609c71c51616c2cf90ed18223d30ddbf') in 0.004755 seconds
  Import took 0.007148 seconds .

